app/build/intermediates/manifest_merge_blame_file/debug/processDebugMainManifest/manifest-merger-blame-debug-report.txt
1<?xml version="1.0" encoding="utf-8"?>
2<manifest xmlns:android="http://schemas.android.com/apk/res/android"
3    package="com.example.groupproject"
4    android:versionCode="1"
5    android:versionName="1.0" >
6
7    <uses-sdk
8        android:minSdkVersion="34"
9        android:targetSdkVersion="35" />
10
11    <uses-permission android:name="android.permission.INTERNET" />
11-->src\main\AndroidManifest.xml:5:5-67
11-->src\main\AndroidManifest.xml:5:22-64
12    <uses-permission android:name="android.permission.ACCESS_FINE_LOCATION" />
12-->src\main\AndroidManifest.xml:6:5-79
12-->src\main\AndroidManifest.xml:6:22-76
13    <uses-permission android:name="android.permission.ACCESS_COARSE_LOCATION" />
13-->src\main\AndroidManifest.xml:7:5-81
13-->src\main\AndroidManifest.xml:7:22-78
14    <uses-permission android:name="android.permission.ACCESS_NETWORK_STATE" />
14-->[com.firebaseui:firebase-ui-auth:8.0.0] AndroidManifest.xml:10:5-79
14-->[com.firebaseui:firebase-ui-auth:8.0.0] AndroidManifest.xml:10:22-76
15
16    <uses-feature
16-->[com.google.android.gms:play-services-maps:19.1.0] AndroidManifest.xml:22:5-24:33
17        android:glEsVersion="0x00020000"
17-->[com.google.android.gms:play-services-maps:19.1.0] AndroidManifest.xml:23:8-40
18        android:required="true" />
18-->[com.google.android.gms:play-services-maps:19.1.0] AndroidManifest.xml:24:8-31
19
20    <queries>
20-->[com.google.android.gms:play-services-maps:19.1.0] AndroidManifest.xml:27:5-30:15
21
22        <!-- Needs to be explicitly declared on Android R+ -->
23        <package android:name="com.google.android.apps.maps" />
23-->[com.google.android.gms:play-services-maps:19.1.0] AndroidManifest.xml:29:7-61
23-->[com.google.android.gms:play-services-maps:19.1.0] AndroidManifest.xml:29:16-59
24        <!-- For browser content -->
25        <intent>
25-->[com.google.android.gms:play-services-ads-lite:23.0.0] AndroidManifest.xml:38:9-44:18
26            <action android:name="android.intent.action.VIEW" />
26-->[com.firebaseui:firebase-ui-auth:8.0.0] AndroidManifest.xml:91:17-69
26-->[com.firebaseui:firebase-ui-auth:8.0.0] AndroidManifest.xml:91:25-66
27
28            <category android:name="android.intent.category.BROWSABLE" />
28-->[com.firebaseui:firebase-ui-auth:8.0.0] AndroidManifest.xml:94:17-78
28-->[com.firebaseui:firebase-ui-auth:8.0.0] AndroidManifest.xml:94:27-75
29
30            <data android:scheme="https" />
30-->[com.firebaseui:firebase-ui-auth:8.0.0] AndroidManifest.xml:96:17-81
30-->[com.firebaseui:firebase-ui-auth:8.0.0] AndroidManifest.xml:96:23-78
31        </intent> <!-- End of browser content -->
32        <!-- For CustomTabsService -->
33        <intent>
33-->[com.google.android.gms:play-services-ads-lite:23.0.0] AndroidManifest.xml:47:9-49:18
34            <action android:name="android.support.customtabs.action.CustomTabsService" />
34-->[com.google.android.gms:play-services-ads-lite:23.0.0] AndroidManifest.xml:48:13-90
34-->[com.google.android.gms:play-services-ads-lite:23.0.0] AndroidManifest.xml:48:21-87
35        </intent>
36    </queries>
37
38    <uses-permission android:name="android.permission.WAKE_LOCK" />
38-->[com.google.android.gms:play-services-measurement:22.1.2] AndroidManifest.xml:25:5-68
38-->[com.google.android.gms:play-services-measurement:22.1.2] AndroidManifest.xml:25:22-65
39    <uses-permission android:name="com.google.android.finsky.permission.BIND_GET_INSTALL_REFERRER_SERVICE" />
39-->[com.google.android.gms:play-services-measurement:22.1.2] AndroidManifest.xml:26:5-110
39-->[com.google.android.gms:play-services-measurement:22.1.2] AndroidManifest.xml:26:22-107
40    <uses-permission android:name="com.google.android.gms.permission.AD_ID" />
40-->[com.google.android.gms:play-services-measurement-impl:22.1.2] AndroidManifest.xml:27:5-79
40-->[com.google.android.gms:play-services-measurement-impl:22.1.2] AndroidManifest.xml:27:22-76
41    <uses-permission android:name="android.permission.ACCESS_ADSERVICES_ATTRIBUTION" />
41-->[com.google.android.gms:play-services-measurement-api:22.1.2] AndroidManifest.xml:26:5-88
41-->[com.google.android.gms:play-services-measurement-api:22.1.2] AndroidManifest.xml:26:22-85
42    <uses-permission android:name="android.permission.ACCESS_ADSERVICES_AD_ID" />
42-->[com.google.android.gms:play-services-measurement-api:22.1.2] AndroidManifest.xml:27:5-82
42-->[com.google.android.gms:play-services-measurement-api:22.1.2] AndroidManifest.xml:27:22-79
43    <uses-permission android:name="com.google.android.providers.gsf.permission.READ_GSERVICES" />
43-->[com.google.android.recaptcha:recaptcha:18.5.1] AndroidManifest.xml:9:5-98
43-->[com.google.android.recaptcha:recaptcha:18.5.1] AndroidManifest.xml:9:22-95
44    <uses-permission android:name="android.permission.ACCESS_ADSERVICES_TOPICS" />
44-->[com.google.android.gms:play-services-ads-lite:23.0.0] AndroidManifest.xml:29:5-83
44-->[com.google.android.gms:play-services-ads-lite:23.0.0] AndroidManifest.xml:29:22-80
45    <uses-permission android:name="android.permission.FOREGROUND_SERVICE" />
45-->[androidx.work:work-runtime:2.7.0] AndroidManifest.xml:28:5-77
45-->[androidx.work:work-runtime:2.7.0] AndroidManifest.xml:28:22-74
46
47    <permission
47-->[androidx.core:core:1.15.0] AndroidManifest.xml:22:5-24:47
48        android:name="com.example.groupproject.DYNAMIC_RECEIVER_NOT_EXPORTED_PERMISSION"
48-->[androidx.core:core:1.15.0] AndroidManifest.xml:23:9-81
49        android:protectionLevel="signature" />
49-->[androidx.core:core:1.15.0] AndroidManifest.xml:24:9-44
50
51    <uses-permission android:name="com.example.groupproject.DYNAMIC_RECEIVER_NOT_EXPORTED_PERMISSION" />
51-->[androidx.core:core:1.15.0] AndroidManifest.xml:26:5-97
51-->[androidx.core:core:1.15.0] AndroidManifest.xml:26:22-94
52
53    <application
53-->src\main\AndroidManifest.xml:10:5-55:19
54        android:allowBackup="true"
54-->src\main\AndroidManifest.xml:11:9-35
55        android:appComponentFactory="androidx.core.app.CoreComponentFactory"
55-->[androidx.core:core:1.15.0] AndroidManifest.xml:28:18-86
56        android:dataExtractionRules="@xml/data_extraction_rules"
56-->src\main\AndroidManifest.xml:12:9-65
57        android:debuggable="true"
58        android:extractNativeLibs="false"
59        android:fullBackupContent="@xml/backup_rules"
59-->src\main\AndroidManifest.xml:13:9-54
60        android:icon="@mipmap/ic_launcher"
60-->src\main\AndroidManifest.xml:14:9-43
61        android:label="@string/app_name"
61-->src\main\AndroidManifest.xml:15:9-41
62        android:roundIcon="@mipmap/ic_launcher_round"
62-->src\main\AndroidManifest.xml:16:9-54
63        android:supportsRtl="true"
63-->src\main\AndroidManifest.xml:17:9-35
64        android:testOnly="true"
65        android:theme="@style/Theme.GroupProject" >
65-->src\main\AndroidManifest.xml:18:9-50
66        <activity
66-->src\main\AndroidManifest.xml:19:9-21:40
67            android:name="com.example.groupproject.StopDetailActivity"
67-->src\main\AndroidManifest.xml:20:13-47
68            android:exported="false" />
68-->src\main\AndroidManifest.xml:21:13-37
69        <activity
69-->src\main\AndroidManifest.xml:22:9-24:40
70            android:name="com.example.groupproject.StopHistory"
70-->src\main\AndroidManifest.xml:23:13-40
71            android:exported="false" />
71-->src\main\AndroidManifest.xml:24:13-37
72        <activity
72-->src\main\AndroidManifest.xml:26:9-28:40
73            android:name="com.example.groupproject.Logins"
73-->src\main\AndroidManifest.xml:27:13-35
74            android:exported="false" />
74-->src\main\AndroidManifest.xml:28:13-37
75        <activity
75-->src\main\AndroidManifest.xml:30:9-32:40
76            android:name="com.example.groupproject.StopFavoritesActivity"
76-->src\main\AndroidManifest.xml:31:13-50
77            android:exported="false" />
77-->src\main\AndroidManifest.xml:32:13-37
78
79        <meta-data
79-->src\main\AndroidManifest.xml:34:9-36:55
80            android:name="com.google.android.geo.API_KEY"
80-->src\main\AndroidManifest.xml:35:13-58
81            android:value="@string/google_maps_key" />
81-->src\main\AndroidManifest.xml:36:13-52
82        <meta-data
82-->src\main\AndroidManifest.xml:37:9-39:70
83            android:name="com.google.android.gms.ads.APPLICATION_ID"
83-->src\main\AndroidManifest.xml:38:13-69
84            android:value="ca-app-pub-3940256099942544~3347511713" />
84-->src\main\AndroidManifest.xml:39:13-67
85
86        <activity
86-->src\main\AndroidManifest.xml:41:9-49:20
87            android:name="com.example.groupproject.MainActivity"
87-->src\main\AndroidManifest.xml:42:13-41
88            android:exported="true" >
88-->src\main\AndroidManifest.xml:43:13-36
89            <intent-filter>
89-->src\main\AndroidManifest.xml:44:13-48:29
90                <action android:name="android.intent.action.MAIN" />
90-->src\main\AndroidManifest.xml:45:17-69
90-->src\main\AndroidManifest.xml:45:25-66
91
92                <category android:name="android.intent.category.LAUNCHER" />
92-->src\main\AndroidManifest.xml:47:17-77
92-->src\main\AndroidManifest.xml:47:27-74
93            </intent-filter>
94        </activity>
95
96        <property
96-->src\main\AndroidManifest.xml:51:9-54:48
97            android:name="android.adservices.AD_SERVICES_CONFIG"
97-->src\main\AndroidManifest.xml:52:13-65
98            android:resource="@xml/gma_ad_services_config" />
98-->src\main\AndroidManifest.xml:53:13-59
99
100        <meta-data
100-->[com.firebaseui:firebase-ui-auth:8.0.0] AndroidManifest.xml:14:9-16:69
101            android:name="com.google.android.gms.version"
101-->[com.firebaseui:firebase-ui-auth:8.0.0] AndroidManifest.xml:15:13-58
102            android:value="@integer/google_play_services_version" />
102-->[com.firebaseui:firebase-ui-auth:8.0.0] AndroidManifest.xml:16:13-66
103        <meta-data
103-->[com.firebaseui:firebase-ui-auth:8.0.0] AndroidManifest.xml:17:9-19:63
104            android:name="com.facebook.sdk.ApplicationId"
104-->[com.firebaseui:firebase-ui-auth:8.0.0] AndroidManifest.xml:18:13-58
105            android:value="@string/facebook_application_id" />
105-->[com.firebaseui:firebase-ui-auth:8.0.0] AndroidManifest.xml:19:13-60
106
107        <activity
107-->[com.firebaseui:firebase-ui-auth:8.0.0] AndroidManifest.xml:21:9-25:61
108            android:name="com.firebase.ui.auth.KickoffActivity"
108-->[com.firebaseui:firebase-ui-auth:8.0.0] AndroidManifest.xml:22:13-64
109            android:exported="false"
109-->[com.firebaseui:firebase-ui-auth:8.0.0] AndroidManifest.xml:23:13-37
110            android:label=""
110-->[com.firebaseui:firebase-ui-auth:8.0.0] AndroidManifest.xml:24:13-29
111            android:theme="@style/FirebaseUI.Transparent" />
111-->[com.firebaseui:firebase-ui-auth:8.0.0] AndroidManifest.xml:25:13-58
112        <activity
112-->[com.firebaseui:firebase-ui-auth:8.0.0] AndroidManifest.xml:26:9-30:61
113            android:name="com.firebase.ui.auth.ui.idp.SingleSignInActivity"
113-->[com.firebaseui:firebase-ui-auth:8.0.0] AndroidManifest.xml:27:13-76
114            android:exported="false"
114-->[com.firebaseui:firebase-ui-auth:8.0.0] AndroidManifest.xml:28:13-37
115            android:label=""
115-->[com.firebaseui:firebase-ui-auth:8.0.0] AndroidManifest.xml:29:13-29
116            android:theme="@style/FirebaseUI.Transparent" />
116-->[com.firebaseui:firebase-ui-auth:8.0.0] AndroidManifest.xml:30:13-58
117        <activity
117-->[com.firebaseui:firebase-ui-auth:8.0.0] AndroidManifest.xml:31:9-35:61
118            android:name="com.firebase.ui.auth.ui.credentials.CredentialSaveActivity"
118-->[com.firebaseui:firebase-ui-auth:8.0.0] AndroidManifest.xml:32:13-86
119            android:exported="false"
119-->[com.firebaseui:firebase-ui-auth:8.0.0] AndroidManifest.xml:33:13-37
120            android:label=""
120-->[com.firebaseui:firebase-ui-auth:8.0.0] AndroidManifest.xml:34:13-29
121            android:theme="@style/FirebaseUI.Transparent" />
121-->[com.firebaseui:firebase-ui-auth:8.0.0] AndroidManifest.xml:35:13-58
122        <activity
122-->[com.firebaseui:firebase-ui-auth:8.0.0] AndroidManifest.xml:36:9-40:58
123            android:name="com.firebase.ui.auth.ui.email.RecoverPasswordActivity"
123-->[com.firebaseui:firebase-ui-auth:8.0.0] AndroidManifest.xml:37:13-81
124            android:exported="false"
124-->[com.firebaseui:firebase-ui-auth:8.0.0] AndroidManifest.xml:38:13-37
125            android:label="@string/fui_title_recover_password_activity"
125-->[com.firebaseui:firebase-ui-auth:8.0.0] AndroidManifest.xml:39:13-72
126            android:windowSoftInputMode="adjustResize" />
126-->[com.firebaseui:firebase-ui-auth:8.0.0] AndroidManifest.xml:40:13-55
127        <activity
127-->[com.firebaseui:firebase-ui-auth:8.0.0] AndroidManifest.xml:41:9-45:58
128            android:name="com.firebase.ui.auth.ui.email.EmailActivity"
128-->[com.firebaseui:firebase-ui-auth:8.0.0] AndroidManifest.xml:42:13-71
129            android:exported="false"
129-->[com.firebaseui:firebase-ui-auth:8.0.0] AndroidManifest.xml:43:13-37
130            android:label="@string/fui_sign_in_default"
130-->[com.firebaseui:firebase-ui-auth:8.0.0] AndroidManifest.xml:44:13-56
131            android:windowSoftInputMode="adjustResize" />
131-->[com.firebaseui:firebase-ui-auth:8.0.0] AndroidManifest.xml:45:13-55
132        <activity
132-->[com.firebaseui:firebase-ui-auth:8.0.0] AndroidManifest.xml:46:9-50:77
133            android:name="com.firebase.ui.auth.ui.phone.PhoneActivity"
133-->[com.firebaseui:firebase-ui-auth:8.0.0] AndroidManifest.xml:47:13-71
134            android:exported="false"
134-->[com.firebaseui:firebase-ui-auth:8.0.0] AndroidManifest.xml:48:13-37
135            android:label="@string/fui_sign_in_with_phone_number"
135-->[com.firebaseui:firebase-ui-auth:8.0.0] AndroidManifest.xml:49:13-66
136            android:windowSoftInputMode="adjustResize|stateAlwaysVisible" />
136-->[com.firebaseui:firebase-ui-auth:8.0.0] AndroidManifest.xml:50:13-74
137        <activity
137-->[com.firebaseui:firebase-ui-auth:8.0.0] AndroidManifest.xml:51:9-55:58
138            android:name="com.firebase.ui.auth.ui.idp.WelcomeBackIdpPrompt"
138-->[com.firebaseui:firebase-ui-auth:8.0.0] AndroidManifest.xml:52:13-76
139            android:exported="false"
139-->[com.firebaseui:firebase-ui-auth:8.0.0] AndroidManifest.xml:53:13-37
140            android:label="@string/fui_title_welcome_back_idp_prompt"
140-->[com.firebaseui:firebase-ui-auth:8.0.0] AndroidManifest.xml:54:13-70
141            android:windowSoftInputMode="adjustResize" />
141-->[com.firebaseui:firebase-ui-auth:8.0.0] AndroidManifest.xml:55:13-55
142        <activity
142-->[com.firebaseui:firebase-ui-auth:8.0.0] AndroidManifest.xml:56:9-60:58
143            android:name="com.firebase.ui.auth.ui.email.WelcomeBackPasswordPrompt"
143-->[com.firebaseui:firebase-ui-auth:8.0.0] AndroidManifest.xml:57:13-83
144            android:exported="false"
144-->[com.firebaseui:firebase-ui-auth:8.0.0] AndroidManifest.xml:58:13-37
145            android:label="@string/fui_title_welcome_back_password_prompt"
145-->[com.firebaseui:firebase-ui-auth:8.0.0] AndroidManifest.xml:59:13-75
146            android:windowSoftInputMode="adjustResize" />
146-->[com.firebaseui:firebase-ui-auth:8.0.0] AndroidManifest.xml:60:13-55
147        <activity
147-->[com.firebaseui:firebase-ui-auth:8.0.0] AndroidManifest.xml:61:9-65:58
148            android:name="com.firebase.ui.auth.ui.email.WelcomeBackEmailLinkPrompt"
148-->[com.firebaseui:firebase-ui-auth:8.0.0] AndroidManifest.xml:62:13-84
149            android:exported="false"
149-->[com.firebaseui:firebase-ui-auth:8.0.0] AndroidManifest.xml:63:13-37
150            android:label="@string/fui_title_welcome_back_password_prompt"
150-->[com.firebaseui:firebase-ui-auth:8.0.0] AndroidManifest.xml:64:13-75
151            android:windowSoftInputMode="adjustResize" />
151-->[com.firebaseui:firebase-ui-auth:8.0.0] AndroidManifest.xml:65:13-55
152        <activity
152-->[com.firebaseui:firebase-ui-auth:8.0.0] AndroidManifest.xml:66:9-71:58
153            android:name="com.firebase.ui.auth.ui.email.EmailLinkCatcherActivity"
153-->[com.firebaseui:firebase-ui-auth:8.0.0] AndroidManifest.xml:67:13-82
154            android:exported="false"
154-->[com.firebaseui:firebase-ui-auth:8.0.0] AndroidManifest.xml:68:13-37
155            android:label=""
155-->[com.firebaseui:firebase-ui-auth:8.0.0] AndroidManifest.xml:69:13-29
156            android:theme="@style/FirebaseUI.Transparent"
156-->[com.firebaseui:firebase-ui-auth:8.0.0] AndroidManifest.xml:70:13-58
157            android:windowSoftInputMode="adjustResize" />
157-->[com.firebaseui:firebase-ui-auth:8.0.0] AndroidManifest.xml:71:13-55
158        <activity
158-->[com.firebaseui:firebase-ui-auth:8.0.0] AndroidManifest.xml:72:9-76:58
159            android:name="com.firebase.ui.auth.ui.email.EmailLinkErrorRecoveryActivity"
159-->[com.firebaseui:firebase-ui-auth:8.0.0] AndroidManifest.xml:73:13-88
160            android:exported="false"
160-->[com.firebaseui:firebase-ui-auth:8.0.0] AndroidManifest.xml:74:13-37
161            android:label="@string/fui_sign_in_default"
161-->[com.firebaseui:firebase-ui-auth:8.0.0] AndroidManifest.xml:75:13-56
162            android:windowSoftInputMode="adjustResize" />
162-->[com.firebaseui:firebase-ui-auth:8.0.0] AndroidManifest.xml:76:13-55
163        <activity
163-->[com.firebaseui:firebase-ui-auth:8.0.0] AndroidManifest.xml:77:9-80:65
164            android:name="com.firebase.ui.auth.ui.idp.AuthMethodPickerActivity"
164-->[com.firebaseui:firebase-ui-auth:8.0.0] AndroidManifest.xml:78:13-80
165            android:exported="false"
165-->[com.firebaseui:firebase-ui-auth:8.0.0] AndroidManifest.xml:79:13-37
166            android:label="@string/fui_default_toolbar_title" />
166-->[com.firebaseui:firebase-ui-auth:8.0.0] AndroidManifest.xml:80:13-62
167        <activity
167-->[com.firebaseui:firebase-ui-auth:8.0.0] AndroidManifest.xml:81:9-85:48
168            android:name="com.facebook.FacebookActivity"
168-->[com.firebaseui:firebase-ui-auth:8.0.0] AndroidManifest.xml:82:13-57
169            android:configChanges="keyboard|keyboardHidden|screenLayout|screenSize|orientation"
169-->[com.firebaseui:firebase-ui-auth:8.0.0] AndroidManifest.xml:83:13-96
170            android:label="@string/app_name" />
170-->[com.firebaseui:firebase-ui-auth:8.0.0] AndroidManifest.xml:84:13-45
171        <activity
171-->[com.firebaseui:firebase-ui-auth:8.0.0] AndroidManifest.xml:86:9-98:20
172            android:name="com.facebook.CustomTabActivity"
172-->[com.firebaseui:firebase-ui-auth:8.0.0] AndroidManifest.xml:87:13-58
173            android:exported="true" >
173-->[com.firebaseui:firebase-ui-auth:8.0.0] AndroidManifest.xml:88:13-36
174            <intent-filter>
174-->[com.firebaseui:firebase-ui-auth:8.0.0] AndroidManifest.xml:90:13-97:29
175                <action android:name="android.intent.action.VIEW" />
175-->[com.firebaseui:firebase-ui-auth:8.0.0] AndroidManifest.xml:91:17-69
175-->[com.firebaseui:firebase-ui-auth:8.0.0] AndroidManifest.xml:91:25-66
176
177                <category android:name="android.intent.category.DEFAULT" />
177-->[com.firebaseui:firebase-ui-auth:8.0.0] AndroidManifest.xml:93:17-76
177-->[com.firebaseui:firebase-ui-auth:8.0.0] AndroidManifest.xml:93:27-73
178                <category android:name="android.intent.category.BROWSABLE" />
178-->[com.firebaseui:firebase-ui-auth:8.0.0] AndroidManifest.xml:94:17-78
178-->[com.firebaseui:firebase-ui-auth:8.0.0] AndroidManifest.xml:94:27-75
179
180                <data android:scheme="@string/facebook_login_protocol_scheme" />
180-->[com.firebaseui:firebase-ui-auth:8.0.0] AndroidManifest.xml:96:17-81
180-->[com.firebaseui:firebase-ui-auth:8.0.0] AndroidManifest.xml:96:23-78
181            </intent-filter>
182        </activity>
183
184        <provider
184-->[com.firebaseui:firebase-ui-auth:8.0.0] AndroidManifest.xml:100:9-104:38
185            android:name="com.firebase.ui.auth.data.client.AuthUiInitProvider"
185-->[com.firebaseui:firebase-ui-auth:8.0.0] AndroidManifest.xml:101:13-79
186            android:authorities="com.example.groupproject.authuiinitprovider"
186-->[com.firebaseui:firebase-ui-auth:8.0.0] AndroidManifest.xml:102:13-70
187            android:exported="false"
187-->[com.firebaseui:firebase-ui-auth:8.0.0] AndroidManifest.xml:103:13-37
188            android:initOrder="90" /> <!-- Needs to be explicitly declared on P+ -->
188-->[com.firebaseui:firebase-ui-auth:8.0.0] AndroidManifest.xml:104:13-35
189        <uses-library
189-->[com.google.android.gms:play-services-maps:19.1.0] AndroidManifest.xml:33:7-86
190            android:name="org.apache.http.legacy"
190-->[com.google.android.gms:play-services-maps:19.1.0] AndroidManifest.xml:33:21-58
191            android:required="false" />
191-->[com.google.android.gms:play-services-maps:19.1.0] AndroidManifest.xml:33:59-83
192
193        <activity
193-->[com.google.firebase:firebase-auth:23.1.0] AndroidManifest.xml:29:9-46:20
194            android:name="com.google.firebase.auth.internal.GenericIdpActivity"
194-->[com.google.firebase:firebase-auth:23.1.0] AndroidManifest.xml:30:13-80
195            android:excludeFromRecents="true"
195-->[com.google.firebase:firebase-auth:23.1.0] AndroidManifest.xml:31:13-46
196            android:exported="true"
196-->[com.google.firebase:firebase-auth:23.1.0] AndroidManifest.xml:32:13-36
197            android:launchMode="singleTask"
197-->[com.google.firebase:firebase-auth:23.1.0] AndroidManifest.xml:33:13-44
198            android:theme="@android:style/Theme.Translucent.NoTitleBar" >
198-->[com.google.firebase:firebase-auth:23.1.0] AndroidManifest.xml:34:13-72
199            <intent-filter>
199-->[com.google.firebase:firebase-auth:23.1.0] AndroidManifest.xml:35:13-45:29
200                <action android:name="android.intent.action.VIEW" />
200-->[com.firebaseui:firebase-ui-auth:8.0.0] AndroidManifest.xml:91:17-69
200-->[com.firebaseui:firebase-ui-auth:8.0.0] AndroidManifest.xml:91:25-66
201
202                <category android:name="android.intent.category.DEFAULT" />
202-->[com.firebaseui:firebase-ui-auth:8.0.0] AndroidManifest.xml:93:17-76
202-->[com.firebaseui:firebase-ui-auth:8.0.0] AndroidManifest.xml:93:27-73
203                <category android:name="android.intent.category.BROWSABLE" />
203-->[com.firebaseui:firebase-ui-auth:8.0.0] AndroidManifest.xml:94:17-78
203-->[com.firebaseui:firebase-ui-auth:8.0.0] AndroidManifest.xml:94:27-75
204
205                <data
205-->[com.firebaseui:firebase-ui-auth:8.0.0] AndroidManifest.xml:96:17-81
206                    android:host="firebase.auth"
207                    android:path="/"
208                    android:scheme="genericidp" />
208-->[com.firebaseui:firebase-ui-auth:8.0.0] AndroidManifest.xml:96:23-78
209            </intent-filter>
210        </activity>
211        <activity
211-->[com.google.firebase:firebase-auth:23.1.0] AndroidManifest.xml:47:9-64:20
212            android:name="com.google.firebase.auth.internal.RecaptchaActivity"
212-->[com.google.firebase:firebase-auth:23.1.0] AndroidManifest.xml:48:13-79
213            android:excludeFromRecents="true"
213-->[com.google.firebase:firebase-auth:23.1.0] AndroidManifest.xml:49:13-46
214            android:exported="true"
214-->[com.google.firebase:firebase-auth:23.1.0] AndroidManifest.xml:50:13-36
215            android:launchMode="singleTask"
215-->[com.google.firebase:firebase-auth:23.1.0] AndroidManifest.xml:51:13-44
216            android:theme="@android:style/Theme.Translucent.NoTitleBar" >
216-->[com.google.firebase:firebase-auth:23.1.0] AndroidManifest.xml:52:13-72
217            <intent-filter>
217-->[com.google.firebase:firebase-auth:23.1.0] AndroidManifest.xml:53:13-63:29
218                <action android:name="android.intent.action.VIEW" />
218-->[com.firebaseui:firebase-ui-auth:8.0.0] AndroidManifest.xml:91:17-69
218-->[com.firebaseui:firebase-ui-auth:8.0.0] AndroidManifest.xml:91:25-66
219
220                <category android:name="android.intent.category.DEFAULT" />
220-->[com.firebaseui:firebase-ui-auth:8.0.0] AndroidManifest.xml:93:17-76
220-->[com.firebaseui:firebase-ui-auth:8.0.0] AndroidManifest.xml:93:27-73
221                <category android:name="android.intent.category.BROWSABLE" />
221-->[com.firebaseui:firebase-ui-auth:8.0.0] AndroidManifest.xml:94:17-78
221-->[com.firebaseui:firebase-ui-auth:8.0.0] AndroidManifest.xml:94:27-75
222
223                <data
223-->[com.firebaseui:firebase-ui-auth:8.0.0] AndroidManifest.xml:96:17-81
224                    android:host="firebase.auth"
225                    android:path="/"
226                    android:scheme="recaptcha" />
226-->[com.firebaseui:firebase-ui-auth:8.0.0] AndroidManifest.xml:96:23-78
227            </intent-filter>
228        </activity>
229
230        <service
230-->[com.google.firebase:firebase-auth:23.1.0] AndroidManifest.xml:66:9-72:19
231            android:name="com.google.firebase.components.ComponentDiscoveryService"
231-->[com.google.firebase:firebase-auth:23.1.0] AndroidManifest.xml:67:13-84
232            android:directBootAware="true"
232-->[com.google.firebase:firebase-common:21.0.0] AndroidManifest.xml:32:13-43
233            android:exported="false" >
233-->[com.google.firebase:firebase-auth:23.1.0] AndroidManifest.xml:68:13-37
234            <meta-data
234-->[com.google.firebase:firebase-auth:23.1.0] AndroidManifest.xml:69:13-71:85
235                android:name="com.google.firebase.components:com.google.firebase.auth.FirebaseAuthRegistrar"
235-->[com.google.firebase:firebase-auth:23.1.0] AndroidManifest.xml:70:17-109
236                android:value="com.google.firebase.components.ComponentRegistrar" />
236-->[com.google.firebase:firebase-auth:23.1.0] AndroidManifest.xml:71:17-82
237            <meta-data
237-->[com.google.firebase:firebase-database-ktx:21.0.0] AndroidManifest.xml:12:13-14:85
238                android:name="com.google.firebase.components:com.google.firebase.database.ktx.FirebaseDatabaseLegacyRegistrar"
238-->[com.google.firebase:firebase-database-ktx:21.0.0] AndroidManifest.xml:13:17-127
239                android:value="com.google.firebase.components.ComponentRegistrar" />
239-->[com.google.firebase:firebase-database-ktx:21.0.0] AndroidManifest.xml:14:17-82
240            <meta-data
240-->[com.google.firebase:firebase-database:21.0.0] AndroidManifest.xml:29:13-31:85
241                android:name="com.google.firebase.components:com.google.firebase.database.FirebaseDatabaseKtxRegistrar"
241-->[com.google.firebase:firebase-database:21.0.0] AndroidManifest.xml:30:17-120
242                android:value="com.google.firebase.components.ComponentRegistrar" />
242-->[com.google.firebase:firebase-database:21.0.0] AndroidManifest.xml:31:17-82
243            <meta-data
243-->[com.google.firebase:firebase-database:21.0.0] AndroidManifest.xml:32:13-34:85
244                android:name="com.google.firebase.components:com.google.firebase.database.DatabaseRegistrar"
244-->[com.google.firebase:firebase-database:21.0.0] AndroidManifest.xml:33:17-109
245                android:value="com.google.firebase.components.ComponentRegistrar" />
245-->[com.google.firebase:firebase-database:21.0.0] AndroidManifest.xml:34:17-82
246            <meta-data
246-->[com.google.android.gms:play-services-measurement-api:22.1.2] AndroidManifest.xml:37:13-39:85
247                android:name="com.google.firebase.components:com.google.firebase.analytics.connector.internal.AnalyticsConnectorRegistrar"
247-->[com.google.android.gms:play-services-measurement-api:22.1.2] AndroidManifest.xml:38:17-139
248                android:value="com.google.firebase.components.ComponentRegistrar" />
248-->[com.google.android.gms:play-services-measurement-api:22.1.2] AndroidManifest.xml:39:17-82
249            <meta-data
249-->[com.google.firebase:firebase-installations:18.0.0] AndroidManifest.xml:15:13-17:85
250                android:name="com.google.firebase.components:com.google.firebase.installations.FirebaseInstallationsKtxRegistrar"
250-->[com.google.firebase:firebase-installations:18.0.0] AndroidManifest.xml:16:17-130
251                android:value="com.google.firebase.components.ComponentRegistrar" />
251-->[com.google.firebase:firebase-installations:18.0.0] AndroidManifest.xml:17:17-82
252            <meta-data
252-->[com.google.firebase:firebase-installations:18.0.0] AndroidManifest.xml:18:13-20:85
253                android:name="com.google.firebase.components:com.google.firebase.installations.FirebaseInstallationsRegistrar"
253-->[com.google.firebase:firebase-installations:18.0.0] AndroidManifest.xml:19:17-127
254                android:value="com.google.firebase.components.ComponentRegistrar" />
254-->[com.google.firebase:firebase-installations:18.0.0] AndroidManifest.xml:20:17-82
255            <meta-data
255-->[com.google.firebase:firebase-common-ktx:21.0.0] AndroidManifest.xml:12:13-14:85
256                android:name="com.google.firebase.components:com.google.firebase.ktx.FirebaseCommonLegacyRegistrar"
256-->[com.google.firebase:firebase-common-ktx:21.0.0] AndroidManifest.xml:13:17-116
257                android:value="com.google.firebase.components.ComponentRegistrar" />
257-->[com.google.firebase:firebase-common-ktx:21.0.0] AndroidManifest.xml:14:17-82
258            <meta-data
258-->[com.google.firebase:firebase-common:21.0.0] AndroidManifest.xml:35:13-37:85
259                android:name="com.google.firebase.components:com.google.firebase.FirebaseCommonKtxRegistrar"
259-->[com.google.firebase:firebase-common:21.0.0] AndroidManifest.xml:36:17-109
260                android:value="com.google.firebase.components.ComponentRegistrar" />
260-->[com.google.firebase:firebase-common:21.0.0] AndroidManifest.xml:37:17-82
261        </service>
262        <service